<?xml version="1.0" encoding="UTF-8"?>
<!-- Generated by org.testng.reporters.JUnitReportReporter -->
<testsuite hostname="rtx2080" failures="0" tests="1" name="com.demoqa.tests.bookStore.SearchBookTests" time="2.405" errors="0" timestamp="2024-12-10T11:00:21 GMT+01:00" skipped="0">
  <testcase classname="com.demoqa.tests.bookStore.SearchBookTests" name="searchBookPositiveTest" time="2.405"/>
</testsuite> <!-- com.demoqa.tests.bookStore.SearchBookTests -->
